--Log Dump Start--

SystemOS: Microsoft Windows NT 6.2.9200.0

Program Version: 3.0

Debug State: Uknown

Time Dumped: 9/27/2016 7:32:46 PM

---------------------------------------
Console:  9/27/2016 7:27:57 PM
Checking title database, please wait...
Downloading Firmware: 11.3.0-999U

Downloading 0004001000021000 v9221...

Error downloading title 0004001000021000 v9221 make sure the entered title ID and versions are correct

Make sure that you haven't blocked the NUS Servers!

Downloading 0004001000021100 v3073...

Error downloading title 0004001000021100 v3073 make sure the entered title ID and versions are correct

Make sure that you haven't blocked the NUS Servers!

Downloading 0004001000021200 v2064...

Error downloading title 0004001000021200 v2064 make sure the entered title ID and versions are correct

Make sure that you haven't blocked the NUS Servers!

Downloading 0004001000021300 v2051...

Error downloading title 0004001000021300 v2051 make sure the entered title ID and versions are correct

Make sure that you haven't blocked the NUS Servers!

Downloading 0004001000021400 v4097...

Error downloading title 0004001000021400 v4097 make sure the entered title ID and versions are correct

Make sure that you haven't blocked the NUS Servers!

Downloading 0004001000021500 v3088...

Error downloading title 0004001000021500 v3088 make sure the entered title ID and versions are correct

Make sure that you haven't blocked the NUS Servers!

Downloading 0004001000021700 v2055...

Error downloading title 0004001000021700 v2055 make sure the entered title ID and versions are correct

Make sure that you haven't blocked the NUS Servers!

Downloading 0004001000021800 v5136...

Error downloading title 0004001000021800 v5136 make sure the entered title ID and versions are correct

Make sure that you haven't blocked the NUS Servers!

Downloading 0004001000021900 v21506...

Error downloading title 0004001000021900 v21506 make sure the entered title ID and versions are correct

Make sure that you haven't blocked the NUS Servers!

Downloading 0004001000021A00 v6156...

Error downloading title 0004001000021A00 v6156 make sure the entered title ID and versions are correct

Make sure that you haven't blocked the NUS Servers!

Downloading 0004001000021B00 v1034...

Error downloading title 0004001000021B00 v1034 make sure the entered title ID and versions are correct

Make sure that you haven't blocked the NUS Servers!

Downloading 0004001000021D00 v1040...

Error downloading title 0004001000021D00 v1040 make sure the entered title ID and versions are correct

Make sure that you haven't blocked the NUS Servers!

Downloading 0004001000021E00 v1040...

Error downloading title 0004001000021E00 v1040 make sure the entered title ID and versions are correct

Make sure that you haven't blocked the NUS Servers!

Downloading 0004001000021F00 v2049...

Error downloading title 0004001000021F00 v2049 make sure the entered title ID and versions are correct

Make sure that you haven't blocked the NUS Servers!

Downloading 0004001000024000 v2048...

Error downloading title 0004001000024000 v2048 make sure the entered title ID and versions are correct

Make sure that you haven't blocked the NUS Servers!

Downloading 0004001B00010002 v0...

Error downloading title 0004001B00010002 v0 make sure the entered title ID and versions are correct

Make sure that you haven't blocked the NUS Servers!

Downloading 0004003000008A02 v7168...

Error downloading title 0004003000008A02 v7168 make sure the entered title ID and versions are correct

Make sure that you haven't blocked the NUS Servers!

Downloading 0004003000008A03 v0...

Error downloading title 0004003000008A03 v0 make sure the entered title ID and versions are correct

Make sure that you haven't blocked the NUS Servers!

Downloading 0004003000008F02 v26624...

Error downloading title 0004003000008F02 v26624 make sure the entered title ID and versions are correct

Make sure that you haven't blocked the NUS Servers!

Downloading 0004003000009002 v2049...

Error downloading title 0004003000009002 v2049 make sure the entered title ID and versions are correct

Make sure that you haven't blocked the NUS Servers!

Downloading 0004003000009202 v5120...

Error downloading title 0004003000009202 v5120 make sure the entered title ID and versions are correct

Make sure that you haven't blocked the NUS Servers!

Downloading 0004003000009302 v4096...

Error downloading title 0004003000009302 v4096 make sure the entered title ID and versions are correct

Make sure that you haven't blocked the NUS Servers!

Downloading 0004003000009402 v10240...

Error downloading title 0004003000009402 v10240 make sure the entered title ID and versions are correct

Make sure that you haven't blocked the NUS Servers!

Downloading 0004003000009602 v6144...

Error downloading title 0004003000009602 v6144 make sure the entered title ID and versions are correct

Make sure that you haven't blocked the NUS Servers!

Downloading 0004003000009702 v4097...

Error downloading title 0004003000009702 v4097 make sure the entered title ID and versions are correct

Make sure that you haven't blocked the NUS Servers!

Downloading 000400300000C502 v6145...

Error downloading title 000400300000C502 v6145 make sure the entered title ID and versions are correct

Make sure that you haven't blocked the NUS Servers!

Downloading 000400300000C503 v0...

Error downloading title 000400300000C503 v0 make sure the entered title ID and versions are correct

Make sure that you haven't blocked the NUS Servers!

Downloading 000400300000C802 v4096...

Error downloading title 000400300000C802 v4096 make sure the entered title ID and versions are correct

Make sure that you haven't blocked the NUS Servers!

Downloading 000400300000C803 v0...

Error downloading title 000400300000C803 v0 make sure the entered title ID and versions are correct

Make sure that you haven't blocked the NUS Servers!

Downloading 000400300000C902 v3077...

Error downloading title 000400300000C902 v3077 make sure the entered title ID and versions are correct

Make sure that you haven't blocked the NUS Servers!

Downloading 000400300000CB02 v4096...

Error downloading title 000400300000CB02 v4096 make sure the entered title ID and versions are correct

Make sure that you haven't blocked the NUS Servers!

Downloading 000400300000CC02 v2048...

Error downloading title 000400300000CC02 v2048 make sure the entered title ID and versions are correct

Make sure that you haven't blocked the NUS Servers!

Downloading 0004009B00010202 v0...

Error downloading title 0004009B00010202 v0 make sure the entered title ID and versions are correct

Make sure that you haven't blocked the NUS Servers!

Downloading 0004009B00010402 v5122...

Error downloading title 0004009B00010402 v5122 make sure the entered title ID and versions are correct

Make sure that you haven't blocked the NUS Servers!

Downloading 0004009B00010602 v1024...

Error downloading title 0004009B00010602 v1024 make sure the entered title ID and versions are correct

Make sure that you haven't blocked the NUS Servers!

Downloading 0004009B00011402 v0...

Error downloading title 0004009B00011402 v0 make sure the entered title ID and versions are correct

Make sure that you haven't blocked the NUS Servers!

Downloading 0004009B00011602 v0...

Error downloading title 0004009B00011602 v0 make sure the entered title ID and versions are correct

Make sure that you haven't blocked the NUS Servers!

Downloading 0004009B00011D02 v0...

Error downloading title 0004009B00011D02 v0 make sure the entered title ID and versions are correct

Make sure that you haven't blocked the NUS Servers!

Downloading 0004009B00011E02 v0...

Error downloading title 0004009B00011E02 v0 make sure the entered title ID and versions are correct

Make sure that you haven't blocked the NUS Servers!

Downloading 0004009B00012302 v13313...

Error downloading title 0004009B00012302 v13313 make sure the entered title ID and versions are correct

Make sure that you haven't blocked the NUS Servers!

Downloading 0004009B00013302 v5123...

Error downloading title 0004009B00013302 v5123 make sure the entered title ID and versions are correct

Make sure that you haven't blocked the NUS Servers!

Downloading 0004009B00014002 v0...

Error downloading title 0004009B00014002 v0 make sure the entered title ID and versions are correct

Make sure that you haven't blocked the NUS Servers!

Downloading 0004009B00014102 v1024...

Error downloading title 0004009B00014102 v1024 make sure the entered title ID and versions are correct

Make sure that you haven't blocked the NUS Servers!

Downloading 0004009B00014202 v1024...

Error downloading title 0004009B00014202 v1024 make sure the entered title ID and versions are correct

Make sure that you haven't blocked the NUS Servers!

Downloading 0004009B00014302 v1024...

Error downloading title 0004009B00014302 v1024 make sure the entered title ID and versions are correct

Make sure that you haven't blocked the NUS Servers!

Downloading 0004009B00015302 v0...

Error downloading title 0004009B00015302 v0 make sure the entered title ID and versions are correct

Make sure that you haven't blocked the NUS Servers!

Downloading 000400DB00010302 v9217...

Error downloading title 000400DB00010302 v9217 make sure the entered title ID and versions are correct

Make sure that you haven't blocked the NUS Servers!

Downloading 000400DB00010502 v19457...

Error downloading title 000400DB00010502 v19457 make sure the entered title ID and versions are correct

Make sure that you haven't blocked the NUS Servers!

Downloading 000400DB00016302 v544...

Error downloading title 000400DB00016302 v544 make sure the entered title ID and versions are correct

Make sure that you haven't blocked the NUS Servers!

Downloading 000400DB00017302 v11280...

Error downloading title 000400DB00017302 v11280 make sure the entered title ID and versions are correct

Make sure that you haven't blocked the NUS Servers!

Downloading 0004013000001502 v9217...

Error downloading title 0004013000001502 v9217 make sure the entered title ID and versions are correct

Make sure that you haven't blocked the NUS Servers!

Downloading 0004013000001503 v0...

Error downloading title 0004013000001503 v0 make sure the entered title ID and versions are correct

Make sure that you haven't blocked the NUS Servers!

Downloading 0004013000001602 v11265...

Error downloading title 0004013000001602 v11265 make sure the entered title ID and versions are correct

Make sure that you haven't blocked the NUS Servers!

Downloading 0004013000001702 v14342...

Error downloading title 0004013000001702 v14342 make sure the entered title ID and versions are correct

Make sure that you haven't blocked the NUS Servers!

Downloading 0004013000001703 v0...

Error downloading title 0004013000001703 v0 make sure the entered title ID and versions are correct

Make sure that you haven't blocked the NUS Servers!

Downloading 0004013000001802 v7168...

Error downloading title 0004013000001802 v7168 make sure the entered title ID and versions are correct

Make sure that you haven't blocked the NUS Servers!

Downloading 0004013000001803 v0...

Error downloading title 0004013000001803 v0 make sure the entered title ID and versions are correct

Make sure that you haven't blocked the NUS Servers!

Downloading 0004013000001A02 v7169...

Error downloading title 0004013000001A02 v7169 make sure the entered title ID and versions are correct

Make sure that you haven't blocked the NUS Servers!

Downloading 0004013000001A03 v0...

Error downloading title 0004013000001A03 v0 make sure the entered title ID and versions are correct

Make sure that you haven't blocked the NUS Servers!

Downloading 0004013000001B02 v3073...

Error downloading title 0004013000001B02 v3073 make sure the entered title ID and versions are correct

Make sure that you haven't blocked the NUS Servers!

Downloading 0004013000001B03 v0...

Error downloading title 0004013000001B03 v0 make sure the entered title ID and versions are correct

Make sure that you haven't blocked the NUS Servers!

Downloading 0004013000001C02 v12294...

Error downloading title 0004013000001C02 v12294 make sure the entered title ID and versions are correct

Make sure that you haven't blocked the NUS Servers!

Downloading 0004013000001C03 v0...

Error downloading title 0004013000001C03 v0 make sure the entered title ID and versions are correct

Make sure that you haven't blocked the NUS Servers!

Downloading 0004013000001D02 v10240...

Error downloading title 0004013000001D02 v10240 make sure the entered title ID and versions are correct

Make sure that you haven't blocked the NUS Servers!

Downloading 0004013000001D03 v0...

Error downloading title 0004013000001D03 v0 make sure the entered title ID and versions are correct

Make sure that you haven't blocked the NUS Servers!

Downloading 0004013000001E02 v5120...

Error downloading title 0004013000001E02 v5120 make sure the entered title ID and versions are correct

Make sure that you haven't blocked the NUS Servers!

Downloading 0004013000001E03 v0...

Error downloading title 0004013000001E03 v0 make sure the entered title ID and versions are correct

Make sure that you haven't blocked the NUS Servers!

Downloading 0004013000001F02 v8192...

Error downloading title 0004013000001F02 v8192 make sure the entered title ID and versions are correct

Make sure that you haven't blocked the NUS Servers!

Downloading 0004013000001F03 v0...

Error downloading title 0004013000001F03 v0 make sure the entered title ID and versions are correct

Make sure that you haven't blocked the NUS Servers!

Downloading 0004013000002002 v2048...

Error downloading title 0004013000002002 v2048 make sure the entered title ID and versions are correct

Make sure that you haven't blocked the NUS Servers!

Downloading 0004013000002102 v2048...

Error downloading title 0004013000002102 v2048 make sure the entered title ID and versions are correct

Make sure that you haven't blocked the NUS Servers!

Downloading 0004013000002103 v0...

Error downloading title 0004013000002103 v0 make sure the entered title ID and versions are correct

Make sure that you haven't blocked the NUS Servers!

Downloading 0004013000002202 v11264...

Error downloading title 0004013000002202 v11264 make sure the entered title ID and versions are correct

Make sure that you haven't blocked the NUS Servers!

Downloading 0004013000002203 v0...

Error downloading title 0004013000002203 v0 make sure the entered title ID and versions are correct

Make sure that you haven't blocked the NUS Servers!

Downloading 0004013000002302 v3072...

Error downloading title 0004013000002302 v3072 make sure the entered title ID and versions are correct

Make sure that you haven't blocked the NUS Servers!

Downloading 0004013000002303 v0...

Error downloading title 0004013000002303 v0 make sure the entered title ID and versions are correct

Make sure that you haven't blocked the NUS Servers!

Downloading 0004013000002402 v9216...

Error downloading title 0004013000002402 v9216 make sure the entered title ID and versions are correct

Make sure that you haven't blocked the NUS Servers!

Downloading 0004013000002403 v0...

Error downloading title 0004013000002403 v0 make sure the entered title ID and versions are correct

Make sure that you haven't blocked the NUS Servers!

Downloading 0004013000002602 v10240...

Error downloading title 0004013000002602 v10240 make sure the entered title ID and versions are correct

Make sure that you haven't blocked the NUS Servers!

Downloading 0004013000002702 v5120...

Error downloading title 0004013000002702 v5120 make sure the entered title ID and versions are correct

Make sure that you haven't blocked the NUS Servers!

Downloading 0004013000002703 v0...

Error downloading title 0004013000002703 v0 make sure the entered title ID and versions are correct

Make sure that you haven't blocked the NUS Servers!

Downloading 0004013000002802 v8192...

Error downloading title 0004013000002802 v8192 make sure the entered title ID and versions are correct

Make sure that you haven't blocked the NUS Servers!

Downloading 0004013000002902 v13318...

Error downloading title 0004013000002902 v13318 make sure the entered title ID and versions are correct

Make sure that you haven't blocked the NUS Servers!

Downloading 0004013000002903 v0...

Error downloading title 0004013000002903 v0 make sure the entered title ID and versions are correct

Make sure that you haven't blocked the NUS Servers!

Downloading 0004013000002A02 v2048...

Error downloading title 0004013000002A02 v2048 make sure the entered title ID and versions are correct

Make sure that you haven't blocked the NUS Servers!

Downloading 0004013000002A03 v0...

Error downloading title 0004013000002A03 v0 make sure the entered title ID and versions are correct

Make sure that you haven't blocked the NUS Servers!

Downloading 0004013000002B02 v7169...

Error downloading title 0004013000002B02 v7169 make sure the entered title ID and versions are correct

Make sure that you haven't blocked the NUS Servers!

Downloading 0004013000002C02 v13313...

Error downloading title 0004013000002C02 v13313 make sure the entered title ID and versions are correct

Make sure that you haven't blocked the NUS Servers!

Downloading 0004013000002C03 v0...

Error downloading title 0004013000002C03 v0 make sure the entered title ID and versions are correct

Make sure that you haven't blocked the NUS Servers!

Downloading 0004013000002D02 v10240...

Error downloading title 0004013000002D02 v10240 make sure the entered title ID and versions are correct

Make sure that you haven't blocked the NUS Servers!

Downloading 0004013000002D03 v5120...

Error downloading title 0004013000002D03 v5120 make sure the entered title ID and versions are correct

Make sure that you haven't blocked the NUS Servers!

Downloading 0004013000002E02 v8192...

Error downloading title 0004013000002E02 v8192 make sure the entered title ID and versions are correct

Make sure that you haven't blocked the NUS Servers!

Downloading 0004013000002E03 v0...

Error downloading title 0004013000002E03 v0 make sure the entered title ID and versions are correct

Make sure that you haven't blocked the NUS Servers!

Downloading 0004013000002F02 v8198...

Error downloading title 0004013000002F02 v8198 make sure the entered title ID and versions are correct

Make sure that you haven't blocked the NUS Servers!

Downloading 0004013000002F03 v0...

Error downloading title 0004013000002F03 v0 make sure the entered title ID and versions are correct

Make sure that you haven't blocked the NUS Servers!

Downloading 0004013000003102 v5120...

Error downloading title 0004013000003102 v5120 make sure the entered title ID and versions are correct

Make sure that you haven't blocked the NUS Servers!

Downloading 0004013000003103 v0...

Error downloading title 0004013000003103 v0 make sure the entered title ID and versions are correct

Make sure that you haven't blocked the NUS Servers!

Downloading 0004013000003202 v12288...

Error downloading title 0004013000003202 v12288 make sure the entered title ID and versions are correct

Make sure that you haven't blocked the NUS Servers!

Downloading 0004013000003203 v0...

Error downloading title 0004013000003203 v0 make sure the entered title ID and versions are correct

Make sure that you haven't blocked the NUS Servers!

Downloading 0004013000003302 v13313...

Error downloading title 0004013000003302 v13313 make sure the entered title ID and versions are correct

Make sure that you haven't blocked the NUS Servers!

Downloading 0004013000003303 v0...

Error downloading title 0004013000003303 v0 make sure the entered title ID and versions are correct

Make sure that you haven't blocked the NUS Servers!

Downloading 0004013000003402 v13314...

Error downloading title 0004013000003402 v13314 make sure the entered title ID and versions are correct

Make sure that you haven't blocked the NUS Servers!

Downloading 0004013000003502 v7168...

Error downloading title 0004013000003502 v7168 make sure the entered title ID and versions are correct

Make sure that you haven't blocked the NUS Servers!

Downloading 0004013000003702 v6148...

Error downloading title 0004013000003702 v6148 make sure the entered title ID and versions are correct

Make sure that you haven't blocked the NUS Servers!

Downloading 0004013000008002 v20482...

Error downloading title 0004013000008002 v20482 make sure the entered title ID and versions are correct

Make sure that you haven't blocked the NUS Servers!

Downloading 0004013000008003 v0...

Error downloading title 0004013000008003 v0 make sure the entered title ID and versions are correct

Make sure that you haven't blocked the NUS Servers!

Downloading 0004013800000002 v25396...

Error downloading title 0004013800000002 v25396 make sure the entered title ID and versions are correct

Make sure that you haven't blocked the NUS Servers!

Downloading 0004013800000003 v5632...

Error downloading title 0004013800000003 v5632 make sure the entered title ID and versions are correct

Make sure that you haven't blocked the NUS Servers!

Downloading 0004013800000102 v8817...

Error downloading title 0004013800000102 v8817 make sure the entered title ID and versions are correct

Make sure that you haven't blocked the NUS Servers!

Downloading 0004800542383841 v2048...

Error downloading title 0004800542383841 v2048 make sure the entered title ID and versions are correct

Make sure that you haven't blocked the NUS Servers!

Downloading 00048005484E4441 v1024...

Error downloading title 00048005484E4441 v1024 make sure the entered title ID and versions are correct

Make sure that you haven't blocked the NUS Servers!

Downloading 0004800F484E4841 v11264...

Error downloading title 0004800F484E4841 v11264 make sure the entered title ID and versions are correct

Make sure that you haven't blocked the NUS Servers!

Downloading 0004800F484E4C41 v0...

Error downloading title 0004800F484E4C41 v0 make sure the entered title ID and versions are correct

Make sure that you haven't blocked the NUS Servers!

Downloading 0004001B00010702 v4096...

Error downloading title 0004001B00010702 v4096 make sure the entered title ID and versions are correct

Make sure that you haven't blocked the NUS Servers!

Downloading 000400300000CD02 v3073...

Error downloading title 000400300000CD02 v3073 make sure the entered title ID and versions are correct

Make sure that you haven't blocked the NUS Servers!

Downloading 000400300000CE02 v16384...

Error downloading title 000400300000CE02 v16384 make sure the entered title ID and versions are correct

Make sure that you haven't blocked the NUS Servers!

Downloading 0004013800000202 v3665...

Error downloading title 0004013800000202 v3665 make sure the entered title ID and versions are correct

Make sure that you haven't blocked the NUS Servers!

Downloading 0004001B00010802 v3072...

Error downloading title 0004001B00010802 v3072 make sure the entered title ID and versions are correct

Make sure that you haven't blocked the NUS Servers!

Downloading 000400100002C000 v3072...

Error downloading title 000400100002C000 v3072 make sure the entered title ID and versions are correct

Make sure that you haven't blocked the NUS Servers!

Downloading 0004001B00018002 v5120...

Error downloading title 0004001B00018002 v5120 make sure the entered title ID and versions are correct

Make sure that you haven't blocked the NUS Servers!

Downloading 0004001B00018102 v1025...

Error downloading title 0004001B00018102 v1025 make sure the entered title ID and versions are correct

Make sure that you haven't blocked the NUS Servers!

Downloading 0004001B00018202 v2050...

Error downloading title 0004001B00018202 v2050 make sure the entered title ID and versions are correct

Make sure that you haven't blocked the NUS Servers!

Downloading 000400300000BD02 v4096...

Error downloading title 000400300000BD02 v4096 make sure the entered title ID and versions are correct

Make sure that you haven't blocked the NUS Servers!

Downloading 000400300000F602 v3072...

Error downloading title 000400300000F602 v3072 make sure the entered title ID and versions are correct

Make sure that you haven't blocked the NUS Servers!

Downloading 0004013000003802 v8198...

Error downloading title 0004013000003802 v8198 make sure the entered title ID and versions are correct

Make sure that you haven't blocked the NUS Servers!

Downloading 0004003000008B02 v6...

Error downloading title 0004003000008B02 v6 make sure the entered title ID and versions are correct

Make sure that you haven't blocked the NUS Servers!

Downloading 0004003000009E02 v1031...

Error downloading title 0004003000009E02 v1031 make sure the entered title ID and versions are correct

Make sure that you haven't blocked the NUS Servers!

Downloading 0004001B00019002 v1026...

Error downloading title 0004001B00019002 v1026 make sure the entered title ID and versions are correct

Make sure that you haven't blocked the NUS Servers!

Downloading 0004013000004002 v8192...

Error downloading title 0004013000004002 v8192 make sure the entered title ID and versions are correct

Make sure that you haven't blocked the NUS Servers!
Firmware downloading finished with 129 errors
Downloading Firmware: 11.3.0-999U

Downloading 0004001000021000 v9221...
Title has 2 contents
Downloading complete
Downloading complete
Packing as .cia ...
Done.

Downloading 0004001000021100 v3073...
Title has 2 contents
Downloading complete
Downloading complete
Packing as .cia ...
Done.

Downloading 0004001000021200 v2064...
Title has 2 contents
Downloading complete
Downloading complete
Packing as .cia ...
Done.

Downloading 0004001000021300 v2051...
Title has 1 content
Downloading complete
Packing as .cia ...
Done.

Downloading 0004001000021400 v4097...
Title has 2 contents
Downloading complete
Downloading complete
Packing as .cia ...
Done.

Downloading 0004001000021500 v3088...
Title has 2 contents
Downloading complete
Downloading complete
Packing as .cia ...
Done.

Downloading 0004001000021700 v2055...
Title has 2 contents
Downloading complete
Downloading complete
Packing as .cia ...
Done.

Downloading 0004001000021800 v5136...
Title has 2 contents
Downloading complete
Downloading complete
Packing as .cia ...
Done.

Downloading 0004001000021900 v21506...
Title has 2 contents
Downloading complete
Downloading complete
Packing as .cia ...
Done.

Downloading 0004001000021A00 v6156...
Title has 1 content
Downloading complete
Packing as .cia ...
Done.

Downloading 0004001000021B00 v1034...
Title has 1 content
Downloading complete
Packing as .cia ...
Done.

Downloading 0004001000021D00 v1040...
Title has 2 contents
Downloading complete
Downloading complete
Packing as .cia ...
Done.

Downloading 0004001000021E00 v1040...
Title has 2 contents
Downloading complete
Downloading complete
Packing as .cia ...
Done.

Downloading 0004001000021F00 v2049...
Title has 1 content
Downloading complete
Packing as .cia ...
Done.

Downloading 0004001000024000 v2048...
Title has 1 content
Downloading complete
Packing as .cia ...
Done.

Downloading 0004001B00010002 v0...
Title has 1 content
Downloading complete
Packing as .cia ...
Done.

Downloading 0004003000008A02 v7168...
Title has 1 content
Downloading complete
Packing as .cia ...
Done.

Downloading 0004003000008A03 v0...
Title has 1 content
Downloading complete
Packing as .cia ...
Done.

Downloading 0004003000008F02 v26624...
Title has 1 content
Downloading complete
Packing as .cia ...
Done.

Downloading 0004003000009002 v2049...
Title has 1 content
Downloading complete
Packing as .cia ...
Done.

Downloading 0004003000009202 v5120...
Title has 1 content
Downloading complete
Packing as .cia ...
Done.

Downloading 0004003000009302 v4096...
Title has 1 content
Downloading complete
Packing as .cia ...
Done.

Downloading 0004003000009402 v10240...
Title has 2 contents
Downloading complete
Downloading complete
Packing as .cia ...
Done.

Downloading 0004003000009602 v6144...
Title has 1 content
Downloading complete
Packing as .cia ...
Done.

Downloading 0004003000009702 v4097...
Title has 1 content
Downloading complete
Packing as .cia ...
Done.

Downloading 000400300000C502 v6145...
Title has 1 content
Downloading complete
Packing as .cia ...
Done.

Downloading 000400300000C503 v0...
Title has 1 content
Downloading complete
Packing as .cia ...
Done.

Downloading 000400300000C802 v4096...
Title has 1 content
Downloading complete
Packing as .cia ...
Done.

Downloading 000400300000C803 v0...
Title has 1 content
Downloading complete
Packing as .cia ...
Done.

Downloading 000400300000C902 v3077...
Title has 1 content
Downloading complete
Packing as .cia ...
Done.

Downloading 000400300000CB02 v4096...
Title has 1 content
Downloading complete
Packing as .cia ...
Done.

Downloading 000400300000CC02 v2048...
Title has 1 content
Downloading complete
Packing as .cia ...
Done.

Downloading 0004009B00010202 v0...
Title has 1 content
Downloading complete
Packing as .cia ...
Done.

Downloading 0004009B00010402 v5122...
Title has 1 content
Downloading complete
Packing as .cia ...
Done.

Downloading 0004009B00010602 v1024...
Title has 1 content
Downloading complete
Packing as .cia ...
Done.

Downloading 0004009B00011402 v0...
Title has 1 content
Downloading complete
Packing as .cia ...
Done.

Downloading 0004009B00011602 v0...
Title has 1 content
Downloading complete
Packing as .cia ...
Done.

Downloading 0004009B00011D02 v0...
Title has 1 content
Downloading complete
Packing as .cia ...
Done.

Downloading 0004009B00011E02 v0...
Title has 1 content
Downloading complete
Packing as .cia ...
Done.

Downloading 0004009B00012302 v13313...
Title has 1 content
Downloading complete
Packing as .cia ...
Done.

Downloading 0004009B00013302 v5123...
Title has 1 content
Downloading complete
Packing as .cia ...
Done.

Downloading 0004009B00014002 v0...
Title has 1 content
Downloading complete
Packing as .cia ...
Done.

Downloading 0004009B00014102 v1024...
Title has 1 content
Downloading complete
Packing as .cia ...
Done.

Downloading 0004009B00014202 v1024...
Title has 1 content
Downloading complete
Packing as .cia ...
Done.

Downloading 0004009B00014302 v1024...
Title has 1 content
Downloading complete
Packing as .cia ...
Done.

Downloading 0004009B00015302 v0...
Title has 1 content
Downloading complete
Packing as .cia ...
Done.

Downloading 000400DB00010302 v9217...
Title has 1 content
Downloading complete
Packing as .cia ...
Done.

Downloading 000400DB00010502 v19457...
Title has 1 content
Downloading complete
Packing as .cia ...
Done.

Downloading 000400DB00016302 v544...
Title has 1 content
Downloading complete
Packing as .cia ...
Done.

Downloading 000400DB00017302 v11280...
Title has 1 content
Downloading complete
Packing as .cia ...
Done.

Downloading 0004013000001502 v9217...
Title has 1 content
Downloading complete
Packing as .cia ...
Done.

Downloading 0004013000001503 v0...
Title has 1 content
Downloading complete
Packing as .cia ...
Done.

Downloading 0004013000001602 v11265...
Title has 1 content
Downloading complete
Packing as .cia ...
Done.

Downloading 0004013000001702 v14342...
Title has 1 content
Downloading complete
Packing as .cia ...
Done.

Downloading 0004013000001703 v0...
Title has 1 content
Downloading complete
Packing as .cia ...
Done.

Downloading 0004013000001802 v7168...
Title has 1 content
Downloading complete
Packing as .cia ...
Done.

Downloading 0004013000001803 v0...
Title has 1 content
Downloading complete
Packing as .cia ...
Done.

Downloading 0004013000001A02 v7169...
Title has 1 content
Downloading complete
Packing as .cia ...
Done.

Downloading 0004013000001A03 v0...
Title has 1 content
Downloading complete
Packing as .cia ...
Done.

Downloading 0004013000001B02 v3073...
Title has 1 content
Downloading complete
Packing as .cia ...
Done.

Downloading 0004013000001B03 v0...
Title has 1 content
Downloading complete
Packing as .cia ...
Done.

Downloading 0004013000001C02 v12294...
Title has 1 content
Downloading complete
Packing as .cia ...
Done.

Downloading 0004013000001C03 v0...
Title has 1 content
Downloading complete
Packing as .cia ...
Done.

Downloading 0004013000001D02 v10240...
Title has 1 content
Downloading complete
Packing as .cia ...
Done.

Downloading 0004013000001D03 v0...
Title has 1 content
Downloading complete
Packing as .cia ...
Done.

Downloading 0004013000001E02 v5120...
Title has 1 content
Downloading complete
Packing as .cia ...
Done.

Downloading 0004013000001E03 v0...
Title has 1 content
Downloading complete
Packing as .cia ...
Done.

Downloading 0004013000001F02 v8192...
Title has 1 content
Downloading complete
Packing as .cia ...
Done.

Downloading 0004013000001F03 v0...
Title has 1 content
Downloading complete
Packing as .cia ...
Done.

Downloading 0004013000002002 v2048...
Title has 1 content
Downloading complete
Packing as .cia ...
Done.

Downloading 0004013000002102 v2048...
Title has 1 content
Downloading complete
Packing as .cia ...
Done.

Downloading 0004013000002103 v0...
Title has 1 content
Downloading complete
Packing as .cia ...
Done.

Downloading 0004013000002202 v11264...
Title has 1 content
Downloading complete
Packing as .cia ...
Done.

Downloading 0004013000002203 v0...
Title has 1 content
Downloading complete
Packing as .cia ...
Done.

Downloading 0004013000002302 v3072...
Title has 1 content
Downloading complete
Packing as .cia ...
Done.

Downloading 0004013000002303 v0...
Title has 1 content
Downloading complete
Packing as .cia ...
Done.

Downloading 0004013000002402 v9216...
Title has 1 content
Downloading complete
Packing as .cia ...
Done.

Downloading 0004013000002403 v0...
Title has 1 content
Downloading complete
Packing as .cia ...
Done.

Downloading 0004013000002602 v10240...
Title has 1 content
Downloading complete
Packing as .cia ...
Done.

Downloading 0004013000002702 v5120...
Title has 1 content
Downloading complete
Packing as .cia ...
Done.

Downloading 0004013000002703 v0...
Title has 1 content
Downloading complete
Packing as .cia ...
Done.

Downloading 0004013000002802 v8192...
Title has 1 content
Downloading complete
Packing as .cia ...
Done.

Downloading 0004013000002902 v13318...
Title has 1 content
Downloading complete
Packing as .cia ...
Done.

Downloading 0004013000002903 v0...
Title has 1 content
Downloading complete
Packing as .cia ...
Done.

Downloading 0004013000002A02 v2048...
Title has 1 content
Downloading complete
Packing as .cia ...
Done.

Downloading 0004013000002A03 v0...
Title has 1 content
Downloading complete
Packing as .cia ...
Done.

Downloading 0004013000002B02 v7169...
Title has 1 content
Downloading complete
Packing as .cia ...
Done.

Downloading 0004013000002C02 v13313...
Title has 1 content
Downloading complete
Packing as .cia ...
Done.

Downloading 0004013000002C03 v0...
Title has 1 content
Downloading complete
Packing as .cia ...
Done.

Downloading 0004013000002D02 v10240...
Title has 1 content
Downloading complete
Packing as .cia ...
Done.

Downloading 0004013000002D03 v5120...
Title has 1 content
Downloading complete
Packing as .cia ...
Done.

Downloading 0004013000002E02 v8192...
Title has 1 content
Downloading complete
Packing as .cia ...
Done.

Downloading 0004013000002E03 v0...
Title has 1 content
Downloading complete
Packing as .cia ...
Done.

Downloading 0004013000002F02 v8198...
Title has 1 content
Downloading complete
Packing as .cia ...
Done.

Downloading 0004013000002F03 v0...
Title has 1 content
Downloading complete
Packing as .cia ...
Done.

Downloading 0004013000003102 v5120...
Title has 1 content
Downloading complete
Packing as .cia ...
Done.

Downloading 0004013000003103 v0...
Title has 1 content
Downloading complete
Packing as .cia ...
Done.

Downloading 0004013000003202 v12288...
Title has 1 content
Downloading complete
Packing as .cia ...
Done.

Downloading 0004013000003203 v0...
Title has 1 content
Downloading complete
Packing as .cia ...
Done.

Downloading 0004013000003302 v13313...
Title has 1 content
Downloading complete
Packing as .cia ...
Done.

Downloading 0004013000003303 v0...
Title has 1 content
Downloading complete
Packing as .cia ...
Done.

Downloading 0004013000003402 v13314...
Title has 1 content
Downloading complete
Packing as .cia ...
Done.

Downloading 0004013000003502 v7168...
Title has 1 content
Downloading complete
Packing as .cia ...
Done.

Downloading 0004013000003702 v6148...
Title has 1 content
Downloading complete
Packing as .cia ...
Done.

Downloading 0004013000008002 v20482...
Title has 1 content
Downloading complete
Packing as .cia ...
Done.

Downloading 0004013000008003 v0...
Title has 1 content
Downloading complete
Packing as .cia ...
Done.

Downloading 0004013800000002 v25396...
Title has 1 content
Downloading complete
Packing as .cia ...
Done.

Downloading 0004013800000003 v5632...
Title has 1 content
Downloading complete
Packing as .cia ...
Done.

Downloading 0004013800000102 v8817...
Title has 1 content
Downloading complete
Packing as .cia ...
Done.

Downloading 0004800542383841 v2048...
Title has 1 content
Downloading complete
Packing as .cia ...
Done.

Downloading 00048005484E4441 v1024...
Title has 1 content
Downloading complete
Packing as .cia ...
Done.

Downloading 0004800F484E4841 v11264...
Title has 1 content
Downloading complete
Packing as .cia ...
Done.

Downloading 0004800F484E4C41 v0...
Title has 1 content
Downloading complete
Packing as .cia ...
Done.

Downloading 0004001B00010702 v4096...
Title has 1 content
Downloading complete
Packing as .cia ...
Done.

Downloading 000400300000CD02 v3073...
Title has 1 content
Downloading complete
Packing as .cia ...
Done.

Downloading 000400300000CE02 v16384...
Title has 1 content
Downloading complete
Packing as .cia ...
Done.

Downloading 0004013800000202 v3665...
Title has 1 content
Downloading complete
Packing as .cia ...
Done.

Downloading 0004001B00010802 v3072...
Title has 1 content
Downloading complete
Packing as .cia ...
Done.

Downloading 000400100002C000 v3072...
Title has 1 content
Downloading complete
Packing as .cia ...
Done.

Downloading 0004001B00018002 v5120...
Title has 1 content
Downloading complete
Packing as .cia ...
Done.

Downloading 0004001B00018102 v1025...
Title has 1 content
Downloading complete
Packing as .cia ...
Done.

Downloading 0004001B00018202 v2050...
Title has 1 content
Downloading complete
Packing as .cia ...
Done.

Downloading 000400300000BD02 v4096...
Title has 1 content
Downloading complete
Packing as .cia ...
Done.

Downloading 000400300000F602 v3072...
Title has 1 content
Downloading complete
Packing as .cia ...
Done.

Downloading 0004013000003802 v8198...
Title has 1 content
Downloading complete
Packing as .cia ...
Done.

Downloading 0004003000008B02 v6...
Title has 1 content
Downloading complete
Packing as .cia ...
Done.

Downloading 0004003000009E02 v1031...
Title has 1 content
Downloading complete
Packing as .cia ...
Done.

Downloading 0004001B00019002 v1026...
Title has 1 content
Downloading complete
Packing as .cia ...
Done.

Downloading 0004013000004002 v8192...
Title has 1 content
Downloading complete
Packing as .cia ...
Done.
Firmware downloading finished with no errors