Console:  6/20/2016 12:39:57 PM
Checking title database, please wait...
Downloading Firmware: 11.0.0-999U

Downloading 0004001000021000 v9221...
Title has 2 contents
Downloading complete
Downloading complete
Packing as .cia ...
Done.

Downloading 0004001000021100 v3073...
Title has 2 contents
Downloading complete
Downloading complete
Packing as .cia ...
Done.

Downloading 0004001000021200 v2064...
Title has 2 contents
Downloading complete
Downloading complete
Packing as .cia ...
Done.

Downloading 0004001000021300 v2051...
Title has 1 content
Downloading complete
Packing as .cia ...
Done.

Downloading 0004001000021400 v4097...
Title has 2 contents
Downloading complete
Downloading complete
Packing as .cia ...
Done.

Downloading 0004001000021500 v3088...
Title has 2 contents
Downloading complete
Downloading complete
Packing as .cia ...
Done.

Downloading 0004001000021700 v2055...
Title has 2 contents
Downloading complete
Downloading complete
Packing as .cia ...
Done.

Downloading 0004001000021800 v5136...
Title has 2 contents
Downloading complete
Downloading complete
Packing as .cia ...
Done.

Downloading 0004001000021900 v21506...
Title has 2 contents
Downloading complete
Downloading complete
Packing as .cia ...
Done.

Downloading 0004001000021A00 v6156...
Title has 1 content
Downloading complete
Packing as .cia ...
Done.

Downloading 0004001000021B00 v1034...
Title has 1 content
Downloading complete
Packing as .cia ...
Done.

Downloading 0004001000021D00 v1040...
Title has 2 contents
Downloading complete
Downloading complete
Packing as .cia ...
Done.

Downloading 0004001000021E00 v1040...
Title has 2 contents